
                      Design Compiler Graphical
                            DC Ultra (TM)
                             DFTMAX (TM)
                         Power Compiler (TM)
                           DesignWare (R)
                           DC Expert (TM)
                         Design Vision (TM)
                          HDL Compiler (TM)
                         VHDL Compiler (TM)
                            DFT Compiler
                        Library Compiler (TM)
                         Design Compiler(R)

         Version J-2014.09-SP5-2 for RHEL64 -- Jul 11, 2015
               Copyright (c) 1988-2015 Synopsys, Inc.

This software and the associated documentation are confidential and 
proprietary to Synopsys, Inc. Your use or disclosure of this software 
is subject to the terms and conditions of a written license agreement 
between you, or your company, and Synopsys, Inc.

Initializing...
##############################################
# Setup: fill out the following parameters: name of clock signal, clock period (ns),
# reset signal name (if used), name of top-level module, name of source file
set CLK_NAME "clk";
clk
set CLK_PERIOD 0.61;
0.61
set RST_NAME "reset";
reset
set TOP_MOD_NAME "mvm3_part1";
mvm3_part1
set SRC_FILE "defines_pkg.sv mvm3_part1.sv memory.sv mac.sv";
defines_pkg.sv mvm3_part1.sv memory.sv mac.sv
###############################################
source setupdc.tcl
NangateOpenCellLibrary_typical.db dw_foundation.sldb
file mkdir work_synth
define_design_lib WORK -path work_synth
1
analyze $SRC_FILE -format sverilog
Running PRESTO HDLC
Searching for ./defines_pkg.sv
Searching for ./mvm3_part1.sv
Searching for ./memory.sv
Searching for ./mac.sv
Compiling source file ./defines_pkg.sv
Warning:  ./defines_pkg.sv:9: The package defines_pkg has already been analyzed. It is being replaced. (VER-26)
Warning:  ./defines_pkg.sv:11: Parameter keyword used in local parameter declaration. (VER-329)
Compiling source file ./mvm3_part1.sv
Compiling source file ./memory.sv
Compiling source file ./mac.sv
Presto compilation completed successfully.
Loading db file '/home/home4/pmilder/ese507/synthesis/lib/NangateOpenCellLibrary_typical.db'
Loading db file '/usr/local/synopsys/syn/libraries/syn/dw_foundation.sldb'
1
elaborate -work WORK $TOP_MOD_NAME
Loading db file '/usr/local/synopsys/syn/libraries/syn/gtech.db'
Loading db file '/usr/local/synopsys/syn/libraries/syn/standard.sldb'
  Loading link library 'NangateOpenCellLibrary'
  Loading link library 'gtech'
Running PRESTO HDLC
Warning:  ./mvm3_part1.sv:118: signed to unsigned conversion occurs. (VER-318)
Warning:  ./mvm3_part1.sv:125: signed to unsigned conversion occurs. (VER-318)
Warning:  ./mvm3_part1.sv:132: signed to unsigned conversion occurs. (VER-318)
Warning:  ./mvm3_part1.sv:132: signed to unsigned conversion occurs. (VER-318)
Warning:  ./mvm3_part1.sv:150: signed to unsigned conversion occurs. (VER-318)
Warning:  ./mvm3_part1.sv:147: signed to unsigned conversion occurs. (VER-318)
Warning:  ./mvm3_part1.sv:171: signed to unsigned conversion occurs. (VER-318)
Warning:  ./mvm3_part1.sv:167: signed to unsigned conversion occurs. (VER-318)

Statistics for case statements in always block at line 112 in file
	'./mvm3_part1.sv'
===============================================
|           Line           |  full/ parallel  |
===============================================
|           115            |     no/auto      |
===============================================

Inferred memory devices in process
	in routine mvm3_part1 line 104 in file
		'./mvm3_part1.sv'.
===============================================================================
|    Register Name    |   Type    | Width | Bus | MB | AR | AS | SR | SS | ST |
===============================================================================
|      state_reg      | Flip-flop |   2   |  Y  | N  | N  | N  | N  | N  | N  |
===============================================================================

Inferred memory devices in process
	in routine mvm3_part1 line 141 in file
		'./mvm3_part1.sv'.
===============================================================================
|    Register Name    |   Type    | Width | Bus | MB | AR | AS | SR | SS | ST |
===============================================================================
|    wr_addr_b_reg    | Flip-flop |   2   |  Y  | N  | N  | N  | N  | N  | N  |
|    wr_addr_a_reg    | Flip-flop |   4   |  Y  | N  | N  | N  | N  | N  | N  |
===============================================================================

Inferred memory devices in process
	in routine mvm3_part1 line 161 in file
		'./mvm3_part1.sv'.
===============================================================================
|    Register Name    |   Type    | Width | Bus | MB | AR | AS | SR | SS | ST |
===============================================================================
|    rd_addr_b_reg    | Flip-flop |   2   |  Y  | N  | N  | N  | N  | N  | N  |
|    rd_addr_a_reg    | Flip-flop |   4   |  Y  | N  | N  | N  | N  | N  | N  |
===============================================================================

Inferred memory devices in process
	in routine mvm3_part1 line 181 in file
		'./mvm3_part1.sv'.
===============================================================================
|    Register Name    |   Type    | Width | Bus | MB | AR | AS | SR | SS | ST |
===============================================================================
|     vec_cnt_reg     | Flip-flop |   2   |  Y  | N  | N  | N  | N  | N  | N  |
|    next_req_reg     | Flip-flop |   1   |  N  | N  | N  | N  | N  | N  | N  |
|  mac1_valid_in_reg  | Flip-flop |   1   |  N  | N  | N  | N  | N  | N  | N  |
===============================================================================

Inferred memory devices in process
	in routine mvm3_part1 line 203 in file
		'./mvm3_part1.sv'.
===============================================================================
|    Register Name    |   Type    | Width | Bus | MB | AR | AS | SR | SS | ST |
===============================================================================
|  overflow_int_reg   | Flip-flop |   1   |  N  | N  | N  | N  | N  | N  | N  |
|    valid_int_reg    | Flip-flop |   1   |  N  | N  | N  | N  | N  | N  | N  |
===============================================================================
Presto compilation completed successfully.
Elaborated 1 design.
Current design is now 'mvm3_part1'.
Information: Building the design 'memory' instantiated from design 'mvm3_part1' with
	the parameters "WIDTH=8,SIZE=9,LOGSIZE=4". (HDL-193)

Inferred memory devices in process
	in routine memory_WIDTH8_SIZE9_LOGSIZE4 line 11 in file
		'./memory.sv'.
===============================================================================
|    Register Name    |   Type    | Width | Bus | MB | AR | AS | SR | SS | ST |
===============================================================================
|    data_out_reg     | Flip-flop |   8   |  Y  | N  | N  | N  | N  | N  | N  |
|       mem_reg       | Flip-flop |   8   |  Y  | N  | N  | N  | N  | N  | N  |
|       mem_reg       | Flip-flop |   8   |  Y  | N  | N  | N  | N  | N  | N  |
|       mem_reg       | Flip-flop |   8   |  Y  | N  | N  | N  | N  | N  | N  |
|       mem_reg       | Flip-flop |   8   |  Y  | N  | N  | N  | N  | N  | N  |
|       mem_reg       | Flip-flop |   8   |  Y  | N  | N  | N  | N  | N  | N  |
|       mem_reg       | Flip-flop |   8   |  Y  | N  | N  | N  | N  | N  | N  |
|       mem_reg       | Flip-flop |   8   |  Y  | N  | N  | N  | N  | N  | N  |
|       mem_reg       | Flip-flop |   8   |  Y  | N  | N  | N  | N  | N  | N  |
|       mem_reg       | Flip-flop |   8   |  Y  | N  | N  | N  | N  | N  | N  |
===============================================================================
Presto compilation completed successfully.
Information: Building the design 'memory' instantiated from design 'mvm3_part1' with
	the parameters "WIDTH=8,SIZE=3,LOGSIZE=2". (HDL-193)

Inferred memory devices in process
	in routine memory_WIDTH8_SIZE3_LOGSIZE2 line 11 in file
		'./memory.sv'.
===============================================================================
|    Register Name    |   Type    | Width | Bus | MB | AR | AS | SR | SS | ST |
===============================================================================
|    data_out_reg     | Flip-flop |   8   |  Y  | N  | N  | N  | N  | N  | N  |
|       mem_reg       | Flip-flop |   8   |  Y  | N  | N  | N  | N  | N  | N  |
|       mem_reg       | Flip-flop |   8   |  Y  | N  | N  | N  | N  | N  | N  |
|       mem_reg       | Flip-flop |   8   |  Y  | N  | N  | N  | N  | N  | N  |
===============================================================================
Presto compilation completed successfully.
Information: Building the design 'part3_mac' instantiated from design 'mvm3_part1' with
	the parameters "NUM_S=2". (HDL-193)

Inferred memory devices in process
	in routine part3_mac_NUM_S2 line 58 in file
		'./mac.sv'.
===============================================================================
|    Register Name    |   Type    | Width | Bus | MB | AR | AS | SR | SS | ST |
===============================================================================
|    enable_m_reg     | Flip-flop |   1   |  N  | N  | N  | N  | N  | N  | N  |
===============================================================================

Inferred memory devices in process
	in routine part3_mac_NUM_S2 line 73 in file
		'./mac.sv'.
===============================================================================
|    Register Name    |   Type    | Width | Bus | MB | AR | AS | SR | SS | ST |
===============================================================================
|    enable_d_reg     | Flip-flop |   1   |  N  | N  | N  | N  | N  | N  | N  |
|      a_int_reg      | Flip-flop |   8   |  Y  | N  | N  | N  | N  | N  | N  |
|      b_int_reg      | Flip-flop |   8   |  Y  | N  | N  | N  | N  | N  | N  |
===============================================================================

Inferred memory devices in process
	in routine part3_mac_NUM_S2 line 92 in file
		'./mac.sv'.
===============================================================================
|    Register Name    |   Type    | Width | Bus | MB | AR | AS | SR | SS | ST |
===============================================================================
|    enable_f_reg     | Flip-flop |   1   |  N  | N  | N  | N  | N  | N  | N  |
|      d_int_reg      | Flip-flop |  16   |  Y  | N  | N  | N  | N  | N  | N  |
===============================================================================

Inferred memory devices in process
	in routine part3_mac_NUM_S2 line 108 in file
		'./mac.sv'.
===============================================================================
|    Register Name    |   Type    | Width | Bus | MB | AR | AS | SR | SS | ST |
===============================================================================
|     vec_cnt_reg     | Flip-flop |   2   |  Y  | N  | N  | N  | N  | N  | N  |
|        f_reg        | Flip-flop |  16   |  Y  | N  | N  | N  | N  | N  | N  |
|    valid_out_reg    | Flip-flop |   1   |  N  | N  | N  | N  | N  | N  | N  |
===============================================================================

Inferred memory devices in process
	in routine part3_mac_NUM_S2 line 126 in file
		'./mac.sv'.
===============================================================================
|    Register Name    |   Type    | Width | Bus | MB | AR | AS | SR | SS | ST |
===============================================================================
|    overflow_reg     | Flip-flop |   1   |  N  | N  | N  | N  | N  | N  | N  |
===============================================================================
Presto compilation completed successfully.
1
###### CLOCKS AND PORTS #######
set CLK_PORT [get_ports $CLK_NAME]
{clk}
set TMP1 [remove_from_collection [all_inputs] $CLK_PORT]
{reset s_valid m_ready data_in[7] data_in[6] data_in[5] data_in[4] data_in[3] data_in[2] data_in[1] data_in[0]}
set INPUTS [remove_from_collection $TMP1 $RST_NAME]
{s_valid m_ready data_in[7] data_in[6] data_in[5] data_in[4] data_in[3] data_in[2] data_in[1] data_in[0]}
create_clock -period $CLK_PERIOD [get_ports clk]
1
# set delay for inputs to be 0.2ns
set_input_delay 0.2 -max -clock clk $INPUTS
1
set_output_delay 0.2 -max -clock clk [all_outputs]
1
###### OPTIMIZATION #######
set_max_area 0 
1
###### RUN #####
compile_ultra
Information: Performing power optimization. (PWR-850)
Alib files are up-to-date.
Information: Evaluating DesignWare library utilization. (UISN-27)

============================================================================
| DesignWare Building Block Library  |         Version         | Available |
============================================================================
| Basic DW Building Blocks           | J-2014.09-DWBB_201409.5.2 |   *     |
| Licensed DW Building Blocks        | J-2014.09-DWBB_201409.5.2 |   *     |
============================================================================

Information: Sequential output inversion is enabled.  SVF file must be used for formal verification. (OPT-1208)

Information: There are 7 potential problems in your design. Please run 'check_design' for more information. (LINT-99)


Loaded alib file './alib-52/NangateOpenCellLibrary_typical.db.alib'
  Building model 'DW01_NAND2'
Information: Ungrouping hierarchy u_mat_a_mem before Pass 1 (OPT-776)
Information: Ungrouping hierarchy u_mat_b_mem before Pass 1 (OPT-776)
Information: Ungrouping hierarchy u_mac_1 before Pass 1 (OPT-776)
Information: Ungrouping 3 of 4 hierarchies before Pass 1 (OPT-775)
Information: State dependent leakage is now switched from on to off.

  Beginning Pass 1 Mapping
  ------------------------
  Processing 'mvm3_part1'
Information: Added key list 'DesignWare' to design 'mvm3_part1'. (DDB-72)
 Implement Synthetic for 'mvm3_part1'.
  Processing 'mvm3_part1_DW02_mult_2_stage_J1_0'

  Updating timing information
Information: Updating design information... (UID-85)

  Beginning Mapping Optimizations  (Ultra High effort)
  -------------------------------
Information: Checking pipeline property of cell u_mac_1/genblk1.genblk1.multinstance (design mvm3_part1_DW02_mult_2_stage_J1_0). (RTDC-137)
Information: cell u_mac_1/genblk1.genblk1.multinstance (design mvm3_part1_DW02_mult_2_stage_J1_0) is a pipeline. (RTDC-139)
  Mapping Optimization (Phase 1)
  Retiming mvm3_part1_DW02_mult_2_stage_J1_0 (u_mac_1/genblk1.genblk1.multinstance)
  Preferred flip-flop is DFFS_X1 with setup = 0.04


  Retiming base-clock clk, rising edge.
  Beginning minimum period retiming ...
  ... minimum period retiming done.
  Beginning minimum area retiming step 1 ...
  ... minimum area retiming step 1 done.
  Beginning minimum area retiming step 2 ...
  5% 10% 15% 20% 25% 30% 35% 40% 45% 50% 55% 60% 65% 70% 75% 80% 85% 90% 95% 100% 
  ... minimum area retiming step 2 done.
  Beginning minimum area retiming step 3 ...
  20% 40% 60% 80% ... 100% 
  ... minimum area retiming step 3 done.
  Beginning final register move ...
  ... final register move done.
  Lower bound estimate = 0.91
  Critical path length = 0.91
  Clock correction = 0.13 (clock-to-Q delay = 0.09, setup = 0.04, uncertainty = 0.00)
  Mapping Optimization (Phase 2)

                                  TOTAL                                                
   ELAPSED            WORST NEG   SETUP    DESIGN                              LEAKAGE 
    TIME      AREA      SLACK     COST    RULE COST         ENDPOINT            POWER  
  --------- --------- --------- --------- --------- ------------------------- ---------
    0:00:03    2271.1      0.38      24.1       0.0                           52054.3516
    0:00:03    2271.1      0.38      24.1       0.0                           52054.3516
    0:00:03    2271.1      0.38      24.1       0.0                           52054.3516
    0:00:03    2270.6      0.38      24.1       0.0                           52036.9570
  Re-synthesis Optimization (Phase 1)
  Re-synthesis Optimization (Phase 2)
  Global Optimization (Phase 1)
  Global Optimization (Phase 2)
  Global Optimization (Phase 3)
  Global Optimization (Phase 4)
  Global Optimization (Phase 5)
  Global Optimization (Phase 6)
  Global Optimization (Phase 7)
  Global Optimization (Phase 8)
  Global Optimization (Phase 9)
  Global Optimization (Phase 10)
  Global Optimization (Phase 11)
  Global Optimization (Phase 12)
  Global Optimization (Phase 13)
  Global Optimization (Phase 14)
  Global Optimization (Phase 15)
  Global Optimization (Phase 16)
  Global Optimization (Phase 17)
  Global Optimization (Phase 18)
  Global Optimization (Phase 19)
  Global Optimization (Phase 20)
  Global Optimization (Phase 21)
  Global Optimization (Phase 22)
  Global Optimization (Phase 23)
  Global Optimization (Phase 24)
  Global Optimization (Phase 25)
  Global Optimization (Phase 26)
  Global Optimization (Phase 27)
  Global Optimization (Phase 28)
  Global Optimization (Phase 29)
  Global Optimization (Phase 30)
  Global Optimization (Phase 31)
    0:00:04    1972.7      0.14      11.3       0.0                           41180.1562



  Beginning Delay Optimization Phase
  ----------------------------------

                                  TOTAL                                                
   ELAPSED            WORST NEG   SETUP    DESIGN                              LEAKAGE 
    TIME      AREA      SLACK     COST    RULE COST         ENDPOINT            POWER  
  --------- --------- --------- --------- --------- ------------------------- ---------
    0:00:04    1972.7      0.14      11.3       0.0                           41180.1562
    0:00:04    1972.7      0.14      11.3       0.0                           41180.1562
    0:00:04    1972.7      0.14      11.3       0.0                           41180.1562
    0:00:04    1972.7      0.14      11.3       0.0                           41180.1562
    0:00:05    2022.1      0.12       8.1       0.0                           42738.8281
    0:00:05    2022.1      0.12       8.1       0.0                           42738.8281
    0:00:05    2021.9      0.12       8.1       0.0                           42735.4102
    0:00:05    2021.9      0.12       8.1       0.0                           42735.4102
    0:00:05    2030.4      0.11       7.9       0.0                           43027.6992
    0:00:05    2030.4      0.11       7.9       0.0                           43027.6992
    0:00:06    2077.7      0.08       6.3       0.0                           44486.4258
    0:00:06    2077.7      0.08       6.3       0.0                           44486.4258
    0:00:06    2081.4      0.08       6.3       0.0                           44592.3242

  Beginning Delay Optimization
  ----------------------------
    0:00:06    2079.3      0.07       4.9       0.0                           44578.1875
    0:00:06    2089.7      0.06       4.5       0.0                           44826.3008
    0:00:06    2089.7      0.06       4.5       0.0                           44826.3008
    0:00:06    2101.9      0.06       3.2       0.0                           45314.1211
    0:00:07    2101.9      0.06       3.2       0.0                           45314.1211
    0:00:07    2105.1      0.05       3.0       0.0                           45446.7695
    0:00:07    2105.1      0.05       3.0       0.0                           45446.7695
    0:00:07    2112.8      0.05       3.0       0.0                           45702.8672
    0:00:08    2134.6      0.01       0.3       0.0                           46050.0391
    0:00:09    2137.0      0.01       0.1       0.0                           46203.7500

                                  TOTAL                                                
   ELAPSED            WORST NEG   SETUP    DESIGN                              LEAKAGE 
    TIME      AREA      SLACK     COST    RULE COST         ENDPOINT            POWER  
  --------- --------- --------- --------- --------- ------------------------- ---------
    0:00:09    2137.0      0.01       0.1       0.0                           46203.7500
    0:00:09    2119.5      0.01       0.1       0.0                           45582.1875


  Beginning Leakage Power Optimization  (max_leakage_power 0)
  ------------------------------------

                                  TOTAL                                                
   ELAPSED            WORST NEG   SETUP    DESIGN                              LEAKAGE 
    TIME      AREA      SLACK     COST    RULE COST         ENDPOINT            POWER  
  --------- --------- --------- --------- --------- ------------------------- ---------
    0:00:09    2109.4      0.01       0.1       0.0                           45339.3359
  Global Optimization (Phase 32)
  Global Optimization (Phase 33)
  Global Optimization (Phase 34)
  Global Optimization (Phase 35)
  Global Optimization (Phase 36)
  Global Optimization (Phase 37)
  Global Optimization (Phase 38)
  Global Optimization (Phase 39)
  Global Optimization (Phase 40)
  Global Optimization (Phase 41)
  Global Optimization (Phase 42)
  Global Optimization (Phase 43)
  Global Optimization (Phase 44)
  Global Optimization (Phase 45)
    0:00:09    2036.0      0.00       0.0       0.0                           42293.4727
    0:00:09    2036.0      0.00       0.0       0.0                           42293.4727
    0:00:09    2036.0      0.00       0.0       0.0                           42293.4727
    0:00:09    2035.4      0.00       0.0       0.0                           42276.0781
    0:00:09    2035.4      0.00       0.0       0.0                           42276.0781
    0:00:09    2035.4      0.00       0.0       0.0                           42276.0781
    0:00:09    2035.4      0.00       0.0       0.0                           42276.0781
    0:00:09    2035.4      0.00       0.0       0.0                           42276.0781
    0:00:09    2035.4      0.00       0.0       0.0                           42276.0781
    0:00:09    2035.4      0.00       0.0       0.0                           42276.0781
    0:00:09    2035.4      0.00       0.0       0.0                           42276.0781
    0:00:09    2035.4      0.00       0.0       0.0                           42276.0781
    0:00:09    2035.4      0.00       0.0       0.0                           42276.0781
    0:00:09    2035.4      0.00       0.0       0.0                           42276.0781
    0:00:09    2035.4      0.00       0.0       0.0                           42276.0781
    0:00:09    2035.4      0.00       0.0       0.0                           42276.0781
    0:00:09    2035.4      0.00       0.0       0.0                           42276.0781
    0:00:09    2035.4      0.00       0.0       0.0                           42276.0781
    0:00:09    2035.4      0.00       0.0       0.0                           42276.0781
    0:00:09    2035.4      0.00       0.0       0.0                           42276.0781
    0:00:09    2035.4      0.00       0.0       0.0                           42276.0781
    0:00:09    2035.4      0.00       0.0       0.0                           42276.0781

                                  TOTAL                                                
   ELAPSED            WORST NEG   SETUP    DESIGN                              LEAKAGE 
    TIME      AREA      SLACK     COST    RULE COST         ENDPOINT            POWER  
  --------- --------- --------- --------- --------- ------------------------- ---------
    0:00:10    2035.4      0.00       0.0       0.0                           42276.0781
    0:00:10    2025.6      0.00       0.0       0.0                           41704.4727
    0:00:10    2026.1      0.00       0.0       0.0                           41756.4688
    0:00:10    2026.1      0.00       0.0       0.0                           41756.4688
    0:00:10    2026.1      0.00       0.0       0.0                           41756.4688
    0:00:10    2022.9      0.00       0.0       0.0                           41645.2852
    0:00:10    2022.9      0.00       0.0       0.0                           41645.2852
    0:00:10    2022.7      0.00       0.0       0.0                           41618.5781
Loading db file '/home/home4/pmilder/ese507/synthesis/lib/NangateOpenCellLibrary_typical.db'


Note: Symbol # after min delay cost means estimated hold TNS across all active scenarios 


  Optimization Complete
  ---------------------
Information: State dependent leakage is now switched from off to on.
Information: Propagating switching activity (low effort zero delay simulation). (PWR-6)
1
report_area
 
****************************************
Report : area
Design : mvm3_part1
Version: J-2014.09-SP5-2
Date   : Sat Oct 28 01:27:20 2017
****************************************

Information: Updating design information... (UID-85)
Library(s) Used:

    NangateOpenCellLibrary (File: /home/home4/pmilder/ese507/synthesis/lib/NangateOpenCellLibrary_typical.db)

Number of ports:                           31
Number of nets:                          1037
Number of cells:                          881
Number of combinational cells:            693
Number of sequential cells:               187
Number of macros/black boxes:               0
Number of buf/inv:                        116
Number of references:                      35

Combinational area:               1056.020003
Buf/Inv area:                      101.612000
Noncombinational area:             966.643966
Macro/Black Box area:                0.000000
Net Interconnect area:      undefined  (Wire load has zero net area)

Total cell area:                  2022.663969
Total area:                 undefined
1
report_power
 
****************************************
Report : power
        -analysis_effort low
Design : mvm3_part1
Version: J-2014.09-SP5-2
Date   : Sat Oct 28 01:27:20 2017
****************************************


Library(s) Used:

    NangateOpenCellLibrary (File: /home/home4/pmilder/ese507/synthesis/lib/NangateOpenCellLibrary_typical.db)


Operating Conditions: typical   Library: NangateOpenCellLibrary
Wire Load Model Mode: top

Design        Wire Load Model            Library
------------------------------------------------
mvm3_part1             5K_hvratio_1_1    NangateOpenCellLibrary


Global Operating Voltage = 1.1  
Power-specific unit information :
    Voltage Units = 1V
    Capacitance Units = 1.000000ff
    Time Units = 1ns
    Dynamic Power Units = 1uW    (derived from V,C,T units)
    Leakage Power Units = 1nW


  Cell Internal Power  =   1.8919 mW   (93%)
  Net Switching Power  = 145.3708 uW    (7%)
                         ---------
Total Dynamic Power    =   2.0373 mW  (100%)

Cell Leakage Power     =  42.5339 uW


                 Internal         Switching           Leakage            Total
Power Group      Power            Power               Power              Power   (   %    )  Attrs
--------------------------------------------------------------------------------------------------
io_pad             0.0000            0.0000            0.0000            0.0000  (   0.00%)
memory             0.0000            0.0000            0.0000            0.0000  (   0.00%)
black_box          0.0000            0.0000            0.0000            0.0000  (   0.00%)
clock_network      0.0000            0.0000            0.0000            0.0000  (   0.00%)
register       1.8248e+03           16.4794        1.6683e+04        1.8579e+03  (  89.33%)
sequential         0.0000            0.0000            0.0000            0.0000  (   0.00%)
combinational     67.1596          128.8915        2.5851e+04          221.9020  (  10.67%)
--------------------------------------------------------------------------------------------------
Total          1.8919e+03 uW       145.3708 uW     4.2534e+04 nW     2.0799e+03 uW
1
report_timing
 
****************************************
Report : timing
        -path full
        -delay max
        -max_paths 1
Design : mvm3_part1
Version: J-2014.09-SP5-2
Date   : Sat Oct 28 01:27:20 2017
****************************************

Operating Conditions: typical   Library: NangateOpenCellLibrary
Wire Load Model Mode: top

  Startpoint: u_mac_1/genblk1.genblk1.multinstance/mult_96/clk_r_REG7_S1
              (rising edge-triggered flip-flop clocked by clk)
  Endpoint: u_mac_1/d_int_reg[13]
            (rising edge-triggered flip-flop clocked by clk)
  Path Group: clk
  Path Type: max

  Des/Clust/Port     Wire Load Model       Library
  ------------------------------------------------
  mvm3_part1         5K_hvratio_1_1        NangateOpenCellLibrary

  Point                                                   Incr       Path
  --------------------------------------------------------------------------
  clock clk (rise edge)                                   0.00       0.00
  clock network delay (ideal)                             0.00       0.00
  u_mac_1/genblk1.genblk1.multinstance/mult_96/clk_r_REG7_S1/CK (DFF_X1)
                                                          0.00       0.00 r
  u_mac_1/genblk1.genblk1.multinstance/mult_96/clk_r_REG7_S1/Q (DFF_X1)
                                                          0.08       0.08 f
  u_mac_1/genblk1.genblk1.multinstance/U214/S (FA_X1)     0.15       0.23 r
  u_mac_1/genblk1.genblk1.multinstance/U208/ZN (OAI21_X1)
                                                          0.03       0.26 f
  u_mac_1/genblk1.genblk1.multinstance/U210/ZN (NAND2_X1)
                                                          0.05       0.31 r
  u_mac_1/genblk1.genblk1.multinstance/U48/ZN (NAND3_X1)
                                                          0.04       0.36 f
  u_mac_1/genblk1.genblk1.multinstance/U233/ZN (OAI211_X1)
                                                          0.03       0.39 r
  u_mac_1/genblk1.genblk1.multinstance/U234/ZN (AND2_X1)
                                                          0.05       0.44 r
  u_mac_1/genblk1.genblk1.multinstance/U235/ZN (XNOR2_X1)
                                                          0.06       0.50 r
  u_mac_1/genblk1.genblk1.multinstance/PRODUCT[13] (mvm3_part1_DW02_mult_2_stage_J1_0)
                                                          0.00       0.50 r
  U936/ZN (NAND2_X1)                                      0.03       0.53 f
  U937/ZN (OAI21_X1)                                      0.03       0.56 r
  u_mac_1/d_int_reg[13]/D (DFF_X1)                        0.01       0.57 r
  data arrival time                                                  0.57

  clock clk (rise edge)                                   0.61       0.61
  clock network delay (ideal)                             0.00       0.61
  u_mac_1/d_int_reg[13]/CK (DFF_X1)                       0.00       0.61 r
  library setup time                                     -0.03       0.58
  data required time                                                 0.58
  --------------------------------------------------------------------------
  data required time                                                 0.58
  data arrival time                                                 -0.57
  --------------------------------------------------------------------------
  slack (MET)                                                        0.00


1
write -f verilog $TOP_MOD_NAME -output gates.v -hierarchy
Writing verilog file '/home/home5/aahangar/proj2/part1/gates.v'.
Warning: Verilog 'assign' or 'tran' statements are written out. (VO-4)
1
quit

Thank you...
